<?xml version="1.0" encoding="UTF-8"?>
<!-- Generated by org.testng.reporters.JUnitReportReporter -->
<testsuite hostname="Davids-MacBook-Pro.fritz.box" name="com.ontestautomation.graphwalker.tests.EuroPythonLoginTest" tests="1" failures="0" timestamp="12 Jul 2016 19:29:22 GMT" time="20.039" errors="0">
  <testcase name="fullCoverageTest" time="20.039" classname="com.ontestautomation.graphwalker.tests.EuroPythonLoginTest"/>
</testsuite> <!-- com.ontestautomation.graphwalker.tests.EuroPythonLoginTest -->
